<?xml version="1.0" encoding="UTF-8"?>
<testsuite name="JavaFinalProject.LibraryTest" tests="1" skipped="0" failures="0" errors="0" timestamp="2019-06-18T11:38:38" hostname="DESKTOP-57AT1A2" time="0.002">
  <properties/>
  <testcase name="testSomeLibraryMethod" classname="JavaFinalProject.LibraryTest" time="0.002"/>
  <system-out><![CDATA[]]></system-out>
  <system-err><![CDATA[]]></system-err>
</testsuite>
